[0m12:26:18.927173 [debug] [MainThread]: Sending event: {'category': 'dbt', 'action': 'invocation', 'label': 'start', 'context': [<snowplow_tracker.self_describing_json.SelfDescribingJson object at 0x1119d79e0>, <snowplow_tracker.self_describing_json.SelfDescribingJson object at 0x1122220f0>, <snowplow_tracker.self_describing_json.SelfDescribingJson object at 0x112221e80>]}


============================== 12:26:18.935614 | 1ff93e57-3844-4c37-9262-4063b17f9308 ==============================
[0m12:26:18.935614 [info ] [MainThread]: Running with dbt=1.9.4
[0m12:26:18.935957 [debug] [MainThread]: running dbt with arguments {'printer_width': '80', 'indirect_selection': 'eager', 'write_json': 'True', 'log_cache_events': 'False', 'partial_parse': 'True', 'cache_selected_only': 'False', 'profiles_dir': '/Users/krishnasathvikmantripragada/.dbt', 'version_check': 'True', 'warn_error': 'None', 'log_path': 'logs', 'fail_fast': 'False', 'debug': 'False', 'use_colors': 'True', 'use_experimental_parser': 'False', 'empty': 'None', 'quiet': 'False', 'no_print': 'None', 'log_format': 'default', 'introspect': 'True', 'invocation_command': 'dbt init ecommerce_segmentation', 'static_parser': 'True', 'target_path': 'None', 'warn_error_options': 'WarnErrorOptions(include=[], exclude=[])', 'send_anonymous_usage_stats': 'True'}
[0m12:26:19.039752 [warn ] [MainThread]: [ConfigFolderDirectory]: Unable to parse logging event dictionary. Failed to parse dir field: expected string or bytes-like object, got 'PosixPath'.. Dictionary: {'dir': PosixPath('/Users/krishnasathvikmantripragada/.dbt')}
[0m12:26:19.040192 [info ] [MainThread]: Creating dbt configuration folder at 
[0m12:26:19.046376 [debug] [MainThread]: Starter project path: /Users/krishnasathvikmantripragada/customer-segmentation-ecommerce/venv/lib/python3.12/site-packages/dbt/include/starter_project
[0m12:26:19.105391 [info ] [MainThread]: 
Your new dbt project "ecommerce_segmentation" was created!

For more information on how to configure the profiles.yml file,
please consult the dbt documentation here:

  https://docs.getdbt.com/docs/configure-your-profile

One more thing:

Need help? Don't hesitate to reach out to us via GitHub issues or on Slack:

  https://community.getdbt.com/

Happy modeling!

[0m12:26:19.106473 [info ] [MainThread]: Setting up your profile.
[0m12:27:55.030947 [info ] [MainThread]: Profile ecommerce_segmentation written to /Users/krishnasathvikmantripragada/.dbt/profiles.yml using target's profile_template.yml and your supplied values. Run 'dbt debug' to validate the connection.
[0m12:27:55.091966 [debug] [MainThread]: Resource report: {"command_name": "init", "command_success": true, "command_wall_clock_time": 96.23391, "process_in_blocks": "0", "process_kernel_time": 0.683938, "process_mem_max_rss": "112017408", "process_out_blocks": "0", "process_user_time": 1.725501}
[0m12:27:55.092481 [debug] [MainThread]: Command `dbt init` succeeded at 12:27:55.092383 after 96.23 seconds
[0m12:27:55.092777 [debug] [MainThread]: Sending event: {'category': 'dbt', 'action': 'invocation', 'label': 'end', 'context': [<snowplow_tracker.self_describing_json.SelfDescribingJson object at 0x112222060>, <snowplow_tracker.self_describing_json.SelfDescribingJson object at 0x111b41580>, <snowplow_tracker.self_describing_json.SelfDescribingJson object at 0x111b020f0>]}
[0m12:27:55.093084 [debug] [MainThread]: Flushing usage events
[0m12:27:55.877951 [debug] [MainThread]: An error was encountered while trying to flush usage events
